<?xml version="1.0" encoding="UTF-8"?>
<robot generator="Robot 3.2.2 (Python 3.6.9 on linux)" generated="20201025 15:21:00.816" rpa="false">
<suite id="s1" name="Just A Test" source="/home/enzo/Documents/Projects/QAAutomation/Robot/UI/Tests/just_a_test.robot">
<kw name="Access website" library="commom_resources" type="setup">
<kw name="Open Browser" library="SeleniumLibrary">
<doc>Opens a new browser instance to the optional ``url``.</doc>
<arguments>
<arg>${SITE_URL}</arg>
<arg>firefox</arg>
</arguments>
<msg timestamp="20201025 15:21:00.912" level="INFO">Opening browser 'firefox' to base url 'http://automationpractice.com'.</msg>
<msg timestamp="20201025 15:21:00.917" level="INFO">Firefox driver log is always forced to to: /home/enzo/Documents/Projects/QAAutomation/Robot/UI/Output/geckodriver-2.log</msg>
<status status="PASS" starttime="20201025 15:21:00.912" endtime="20201025 15:21:12.467"></status>
</kw>
<status status="PASS" starttime="20201025 15:21:00.912" endtime="20201025 15:21:12.468"></status>
</kw>
<test id="s1-t1" name="Scenario 01: Numa Numa">
<kw name="Log To Console" library="BuiltIn">
<doc>Logs the given message to the console.</doc>
<arguments>
<arg>eeeeeeeeeeeeeee</arg>
</arguments>
<status status="PASS" starttime="20201025 15:21:12.469" endtime="20201025 15:21:12.469"></status>
</kw>
<status status="PASS" starttime="20201025 15:21:12.468" endtime="20201025 15:21:12.474" critical="yes"></status>
</test>
<status status="PASS" starttime="20201025 15:21:00.817" endtime="20201025 15:21:12.474"></status>
</suite>
<statistics>
<total>
<stat pass="1" fail="0">Critical Tests</stat>
<stat pass="1" fail="0">All Tests</stat>
</total>
<tag>
</tag>
<suite>
<stat pass="1" fail="0" id="s1" name="Just A Test">Just A Test</stat>
</suite>
</statistics>
<errors>
</errors>
</robot>
